<?xml version="1.0" encoding="UTF-8"?>
<!-- Generated by org.testng.reporters.JUnitXMLReporter -->
<testsuite ignored="0" hostname="LTIN192431" failures="0" tests="7" name="Test" time="66.315" errors="0" timestamp="2024-01-23T12:05:13 IST">
  <testcase classname="testcase.TC_001_VerifyHolidayScheduleTitle" name="VerifyHolidayScheduleTitle" time="7.922"/>
  <testcase classname="testcase.TC_002_VerifyNavigationOfHolidaySchedulePage" name="VerifyNavigationOfHolidaySchedulePage" time="1.164"/>
  <testcase classname="testcase.TC_003_VerifyHolidayCalendars2024Text" name="VerifyHolidayCalendars2024Text" time="4.079"/>
  <testcase classname="testcase.TC_004_VerifyCountsSelected" name="VerifyCountsSelected" time="12.527"/>
  <testcase classname="testcase.TC_005_ValidateDocumentsDownloadable" name="ValidateDocumentsDownloadable" time="0.212"/>
  <testcase classname="testcase.TC_006_VerifyIndiaHolidayCalendarsDocTitle" name="VerifyIndiaHolidayCalendarsDocTitle" time="4.759"/>
  <testcase classname="testcase.TC_007_VerifyVersionHistoryButton" name="VerifyVersionHistoryButton" time="10.267"/>
</testsuite> <!-- Test -->
