<?xml version="1.0" encoding="UTF-8"?>
<!-- Generated by org.testng.reporters.JUnitXMLReporter -->
<testsuite ignored="0" hostname="LTIN192431" failures="0" tests="7" name="Test2" time="80.177" errors="0" timestamp="2024-01-25T09:59:56 IST">
  <testcase classname="testcase.TC_001_VerifyHolidayScheduleTitle" name="VerifyHolidayScheduleTitle" time="16.128"/>
  <testcase classname="testcase.TC_002_VerifyNavigationOfHolidaySchedulePage" name="VerifyNavigationOfHolidaySchedulePage" time="4.863"/>
  <testcase classname="testcase.TC_003_VerifyHolidayCalendars2024Text" name="VerifyHolidayCalendars2024Text" time="0.113"/>
  <testcase classname="testcase.TC_004_VerifyCountsSelected" name="VerifyCountsSelected" time="13.348"/>
  <testcase classname="testcase.TC_005_ValidateDocumentsDownloadable" name="ValidateDocumentsDownloadable" time="0.26"/>
  <testcase classname="testcase.TC_006_VerifyIndiaHolidayCalendarsDocTitle" name="VerifyIndiaHolidayCalendarsDocTitle" time="6.45"/>
  <testcase classname="testcase.TC_007_VerifyVersionHistoryButton" name="VerifyVersionHistoryButton" time="11.631"/>
</testsuite> <!-- Test2 -->
