<?xml version="1.0" encoding="UTF-8"?>
<!-- Generated by org.testng.reporters.JUnitXMLReporter -->
<testsuite ignored="0" hostname="LTIN192431" failures="0" tests="7" name="Test1" time="91.426" errors="0" timestamp="2024-01-31T10:39:30 IST">
  <testcase classname="testcase.TC_001_VerifyHolidayScheduleTitle" name="VerifyHolidayScheduleTitle" time="6.683"/>
  <testcase classname="testcase.TC_002_VerifyNavigationOfHolidaySchedulePage" name="VerifyNavigationOfHolidaySchedulePage" time="3.592"/>
  <testcase classname="testcase.TC_003_VerifyHolidayCalendars2024Text" name="VerifyHolidayCalendars2024Text" time="2.951"/>
  <testcase classname="testcase.TC_004_VerifyCountsSelected" name="VerifyCountsSelected" time="8.141"/>
  <testcase classname="testcase.TC_005_ValidateDocumentsDownloadable" name="ValidateDocumentsDownloadable" time="0.251"/>
  <testcase classname="testcase.TC_006_VerifyIndiaHolidayCalendarsDocTitle" name="VerifyIndiaHolidayCalendarsDocTitle" time="3.566"/>
  <testcase classname="testcase.TC_007_VerifyVersionHistoryButton" name="VerifyVersionHistoryButton" time="12.585"/>
</testsuite> <!-- Test1 -->
