<?xml version="1.0" encoding="UTF-8"?>
<testng-results ignored="0" total="7" passed="7" failed="0" skipped="0">
  <reporter-output>
  </reporter-output>
  <suite started-at="2024-01-31T10:37:48 IST" name="Suite" finished-at="2024-01-31T10:39:19 IST" duration-ms="91426">
    <groups>
    </groups>
    <test started-at="2024-01-31T10:37:48 IST" name="Test1" finished-at="2024-01-31T10:39:19 IST" duration-ms="91426">
      <class name="testcase.TC_007_VerifyVersionHistoryButton">
        <test-method is-config="true" signature="setup(java.lang.String,java.lang.String)[pri:0, instance:testcase.TC_007_VerifyVersionHistoryButton@4c12331b]" started-at="2024-01-31T10:37:49 IST" name="setup" finished-at="2024-01-31T10:38:37 IST" duration-ms="48520" status="PASS">
          <params>
            <param index="0">
              <value>
                <![CDATA[Windows]]>
              </value>
            </param>
            <param index="1">
              <value>
                <![CDATA[chrome]]>
              </value>
            </param>
          </params>
          <reporter-output>
          </reporter-output>
        </test-method> <!-- setup -->
        <test-method signature="VerifyHolidayScheduleTitle()[pri:1, instance:testcase.TC_007_VerifyVersionHistoryButton@4c12331b]" started-at="2024-01-31T10:38:37 IST" name="VerifyHolidayScheduleTitle" finished-at="2024-01-31T10:38:44 IST" duration-ms="6683" status="PASS">
          <reporter-output>
          </reporter-output>
        </test-method> <!-- VerifyHolidayScheduleTitle -->
        <test-method signature="VerifyNavigationOfHolidaySchedulePage()[pri:2, instance:testcase.TC_007_VerifyVersionHistoryButton@4c12331b]" started-at="2024-01-31T10:38:44 IST" name="VerifyNavigationOfHolidaySchedulePage" finished-at="2024-01-31T10:38:48 IST" duration-ms="3592" status="PASS">
          <reporter-output>
          </reporter-output>
        </test-method> <!-- VerifyNavigationOfHolidaySchedulePage -->
        <test-method signature="VerifyHolidayCalendars2024Text()[pri:3, instance:testcase.TC_007_VerifyVersionHistoryButton@4c12331b]" started-at="2024-01-31T10:38:48 IST" name="VerifyHolidayCalendars2024Text" finished-at="2024-01-31T10:38:51 IST" duration-ms="2951" status="PASS">
          <reporter-output>
          </reporter-output>
        </test-method> <!-- VerifyHolidayCalendars2024Text -->
        <test-method signature="VerifyCountsSelected()[pri:4, instance:testcase.TC_007_VerifyVersionHistoryButton@4c12331b]" started-at="2024-01-31T10:38:51 IST" name="VerifyCountsSelected" finished-at="2024-01-31T10:38:59 IST" duration-ms="8141" status="PASS">
          <reporter-output>
          </reporter-output>
        </test-method> <!-- VerifyCountsSelected -->
        <test-method signature="ValidateDocumentsDownloadable()[pri:5, instance:testcase.TC_007_VerifyVersionHistoryButton@4c12331b]" started-at="2024-01-31T10:38:59 IST" name="ValidateDocumentsDownloadable" finished-at="2024-01-31T10:38:59 IST" duration-ms="251" status="PASS">
          <reporter-output>
          </reporter-output>
        </test-method> <!-- ValidateDocumentsDownloadable -->
        <test-method signature="VerifyIndiaHolidayCalendarsDocTitle()[pri:6, instance:testcase.TC_007_VerifyVersionHistoryButton@4c12331b]" started-at="2024-01-31T10:38:59 IST" name="VerifyIndiaHolidayCalendarsDocTitle" finished-at="2024-01-31T10:39:03 IST" duration-ms="3566" status="PASS">
          <reporter-output>
          </reporter-output>
        </test-method> <!-- VerifyIndiaHolidayCalendarsDocTitle -->
        <test-method signature="VerifyVersionHistoryButton()[pri:7, instance:testcase.TC_007_VerifyVersionHistoryButton@4c12331b]" started-at="2024-01-31T10:39:03 IST" name="VerifyVersionHistoryButton" finished-at="2024-01-31T10:39:15 IST" duration-ms="12585" status="PASS">
          <reporter-output>
          </reporter-output>
        </test-method> <!-- VerifyVersionHistoryButton -->
        <test-method is-config="true" signature="teardown()[pri:0, instance:testcase.TC_007_VerifyVersionHistoryButton@4c12331b]" started-at="2024-01-31T10:39:15 IST" name="teardown" finished-at="2024-01-31T10:39:19 IST" duration-ms="3788" status="PASS">
          <reporter-output>
          </reporter-output>
        </test-method> <!-- teardown -->
      </class> <!-- testcase.TC_007_VerifyVersionHistoryButton -->
    </test> <!-- Test1 -->
  </suite> <!-- Suite -->
</testng-results>
